<?xml version="1.0" encoding="UTF-8"?>
<robot generator="Robot 5.0.1 (Python 3.10.6 on win32)" generated="20220906 20:29:14.268" rpa="false" schemaversion="3">
<suite id="s1" name="Variaveis" source="C:\robotframework\AulaUdemy\WebTesting\variaveis.robot">
<test id="s1-t1" name="Caso de teste meses do ano 1" line="16">
<kw name="Imprimir os meses do ano">
<kw name="Log To Console" library="BuiltIn">
<arg>O primeiro mês do ano é: ${MES[0]}</arg>
<doc>Logs the given message to the console.</doc>
<status status="PASS" starttime="20220906 20:29:14.313" endtime="20220906 20:29:14.315"/>
</kw>
<kw name="Log To Console" library="BuiltIn">
<arg>O segundo mês do ano é: ${MES[1]}</arg>
<doc>Logs the given message to the console.</doc>
<status status="PASS" starttime="20220906 20:29:14.315" endtime="20220906 20:29:14.317"/>
</kw>
<kw name="Log To Console" library="BuiltIn">
<arg>O terceiro mês do ano é: ${MES[2]}</arg>
<doc>Logs the given message to the console.</doc>
<status status="PASS" starttime="20220906 20:29:14.318" endtime="20220906 20:29:14.320"/>
</kw>
<kw name="Log To Console" library="BuiltIn">
<arg>O quarto mês do ano é: ${MES[3]}</arg>
<doc>Logs the given message to the console.</doc>
<status status="PASS" starttime="20220906 20:29:14.320" endtime="20220906 20:29:14.322"/>
</kw>
<kw name="Log To Console" library="BuiltIn">
<arg>O quinto mês do ano é: ${MES[4]}</arg>
<doc>Logs the given message to the console.</doc>
<status status="PASS" starttime="20220906 20:29:14.322" endtime="20220906 20:29:14.327"/>
</kw>
<kw name="Log To Console" library="BuiltIn">
<arg>O sexto mês do ano é: ${MES[5]}</arg>
<doc>Logs the given message to the console.</doc>
<status status="PASS" starttime="20220906 20:29:14.331" endtime="20220906 20:29:14.334"/>
</kw>
<kw name="Log To Console" library="BuiltIn">
<arg>O setimo mês do ano é: ${MES[6]}</arg>
<doc>Logs the given message to the console.</doc>
<status status="PASS" starttime="20220906 20:29:14.334" endtime="20220906 20:29:14.337"/>
</kw>
<kw name="Log To Console" library="BuiltIn">
<arg>O oitavo mês do ano é: ${MES[7]}</arg>
<doc>Logs the given message to the console.</doc>
<status status="PASS" starttime="20220906 20:29:14.337" endtime="20220906 20:29:14.339"/>
</kw>
<kw name="Log To Console" library="BuiltIn">
<arg>O nono mês do ano é: ${MES[8]}</arg>
<doc>Logs the given message to the console.</doc>
<status status="PASS" starttime="20220906 20:29:14.339" endtime="20220906 20:29:14.345"/>
</kw>
<kw name="Log To Console" library="BuiltIn">
<arg>O decimo mês do ano é: ${MES[9]}</arg>
<doc>Logs the given message to the console.</doc>
<status status="PASS" starttime="20220906 20:29:14.346" endtime="20220906 20:29:14.348"/>
</kw>
<kw name="Log To Console" library="BuiltIn">
<arg>O decimo primeiro mês do ano é: ${MES[10]}</arg>
<doc>Logs the given message to the console.</doc>
<status status="PASS" starttime="20220906 20:29:14.348" endtime="20220906 20:29:14.350"/>
</kw>
<kw name="Log To Console" library="BuiltIn">
<arg>O decimo segundo mês do ano é: ${MES[11]}</arg>
<doc>Logs the given message to the console.</doc>
<status status="PASS" starttime="20220906 20:29:14.351" endtime="20220906 20:29:14.352"/>
</kw>
<status status="PASS" starttime="20220906 20:29:14.312" endtime="20220906 20:29:14.353"/>
</kw>
<status status="PASS" starttime="20220906 20:29:14.311" endtime="20220906 20:29:14.354"/>
</test>
<test id="s1-t2" name="Caso de teste meses do ano 2" line="19">
<kw name="Imprimir os meses do ano e quantidade de dias">
<kw name="Log To Console" library="BuiltIn">
<arg>Imprimir os meses do ano e possui ${MESES_QTD_DIAS.Janeiro} dias</arg>
<doc>Logs the given message to the console.</doc>
<status status="PASS" starttime="20220906 20:29:14.364" endtime="20220906 20:29:14.365"/>
</kw>
<kw name="Log To Console" library="BuiltIn">
<arg>Imprimir os meses do ano e possui ${MESES_QTD_DIAS.Fevereiro} dias</arg>
<doc>Logs the given message to the console.</doc>
<status status="PASS" starttime="20220906 20:29:14.366" endtime="20220906 20:29:14.367"/>
</kw>
<kw name="Log To Console" library="BuiltIn">
<arg>Imprimir os meses do ano e possui ${MESES_QTD_DIAS.Março} dias</arg>
<doc>Logs the given message to the console.</doc>
<status status="PASS" starttime="20220906 20:29:14.368" endtime="20220906 20:29:14.371"/>
</kw>
<kw name="Log To Console" library="BuiltIn">
<arg>Imprimir os meses do ano e possui ${MESES_QTD_DIAS.Abril} dias</arg>
<doc>Logs the given message to the console.</doc>
<status status="PASS" starttime="20220906 20:29:14.371" endtime="20220906 20:29:14.377"/>
</kw>
<kw name="Log To Console" library="BuiltIn">
<arg>Imprimir os meses do ano e possui ${MESES_QTD_DIAS.Maio} dias</arg>
<doc>Logs the given message to the console.</doc>
<status status="PASS" starttime="20220906 20:29:14.377" endtime="20220906 20:29:14.381"/>
</kw>
<kw name="Log To Console" library="BuiltIn">
<arg>Imprimir os meses do ano e possui ${MESES_QTD_DIAS.Junho} dias</arg>
<doc>Logs the given message to the console.</doc>
<status status="PASS" starttime="20220906 20:29:14.381" endtime="20220906 20:29:14.383"/>
</kw>
<kw name="Log To Console" library="BuiltIn">
<arg>Imprimir os meses do ano e possui ${MESES_QTD_DIAS.Julho} dias</arg>
<doc>Logs the given message to the console.</doc>
<status status="PASS" starttime="20220906 20:29:14.384" endtime="20220906 20:29:14.385"/>
</kw>
<kw name="Log To Console" library="BuiltIn">
<arg>Imprimir os meses do ano e possui ${MESES_QTD_DIAS.Agosto} dias</arg>
<doc>Logs the given message to the console.</doc>
<status status="PASS" starttime="20220906 20:29:14.386" endtime="20220906 20:29:14.388"/>
</kw>
<kw name="Log To Console" library="BuiltIn">
<arg>Imprimir os meses do ano e possui ${MESES_QTD_DIAS.Setembro} dias</arg>
<doc>Logs the given message to the console.</doc>
<status status="PASS" starttime="20220906 20:29:14.389" endtime="20220906 20:29:14.390"/>
</kw>
<kw name="Log To Console" library="BuiltIn">
<arg>Imprimir os meses do ano e possui ${MESES_QTD_DIAS.Outubro} dias</arg>
<doc>Logs the given message to the console.</doc>
<status status="PASS" starttime="20220906 20:29:14.392" endtime="20220906 20:29:14.397"/>
</kw>
<kw name="Log To Console" library="BuiltIn">
<arg>Imprimir os meses do ano e possui ${MESES_QTD_DIAS.Novembro} dias</arg>
<doc>Logs the given message to the console.</doc>
<status status="PASS" starttime="20220906 20:29:14.398" endtime="20220906 20:29:14.400"/>
</kw>
<kw name="Log To Console" library="BuiltIn">
<arg>Imprimir os meses do ano e possui ${MESES_QTD_DIAS.Dezembro} dias</arg>
<doc>Logs the given message to the console.</doc>
<status status="PASS" starttime="20220906 20:29:14.400" endtime="20220906 20:29:14.402"/>
</kw>
<status status="PASS" starttime="20220906 20:29:14.363" endtime="20220906 20:29:14.403"/>
</kw>
<status status="PASS" starttime="20220906 20:29:14.361" endtime="20220906 20:29:14.405"/>
</test>
<doc>Tipos de Variáveis</doc>
<status status="PASS" starttime="20220906 20:29:14.271" endtime="20220906 20:29:14.409"/>
</suite>
<statistics>
<total>
<stat pass="2" fail="0" skip="0">All Tests</stat>
</total>
<tag>
</tag>
<suite>
<stat pass="2" fail="0" skip="0" id="s1" name="Variaveis">Variaveis</stat>
</suite>
</statistics>
<errors>
</errors>
</robot>
